<?xml version="1.0" encoding="UTF-8"?>
<testsuite name="com.org.cart.utils.UtilsTest" tests="1" skipped="0" failures="0" errors="0" timestamp="2016-12-03T06:54:47" hostname="Suryas-MacBook-Pro.local" time="0.0">
  <properties/>
  <testcase name="test" classname="com.org.cart.utils.UtilsTest" time="0.0"/>
  <system-out><![CDATA[]]></system-out>
  <system-err><![CDATA[]]></system-err>
</testsuite>
